###############################################################
#  Generated by:      Cadence Encounter 13.13-s017_1
#  OS:                Linux x86_64(Host ID microelnsys)
#  Generated on:      Mon Sep 26 18:03:04 2016
#  Design:            DLX
#  Command:           verifyConnectivity -type all -error 1000 -warning 50
###############################################################
Verify Connectivity Report is created on Mon Sep 26 18:03:04 2016



Net vdd: special open at (1.685, 1.565) (158.865, 156.355)
Net vdd: special open at (1.685, 3.975) (158.865, 4.145)
Net vdd: dangling Wire at (158.065, 3.975) (158.065, 3.975) on layer: M6
Net vdd: dangling Wire at (140.780, 3.975) (140.780, 3.975) on layer: M6
Net vdd: dangling Wire at (120.780, 3.975) (120.780, 3.975) on layer: M6
Net vdd: dangling Wire at (100.780, 3.975) (100.780, 3.975) on layer: M6
Net vdd: dangling Wire at (80.780, 3.975) (80.780, 3.975) on layer: M6
Net vdd: dangling Wire at (60.780, 3.975) (60.780, 3.975) on layer: M6
Net vdd: dangling Wire at (40.780, 3.975) (40.780, 3.975) on layer: M6
Net vdd: dangling Wire at (20.780, 3.975) (20.780, 3.975) on layer: M6
Net vdd: dangling Wire at (1.685, 3.975) (1.685, 3.975) on layer: M6

Begin Summary
    2 Problem(s) (ENCVFC-200): Special Wires: Pieces of the net are not connected together.
    9 Problem(s) (ENCVFC-94): The net has dangling wire(s).
    11 total info(s) created.
End Summary
