/usr/local/tools/synopsys/syn_vD-2010.03-SP3/auxx/gui/dv/dv_setup.tcl
/usr/local/tools/synopsys/syn_vD-2010.03-SP3/auxx/gui/syn/snpsSynProcs.tcl
/usr/local/tools/synopsys/syn_vD-2010.03-SP3/auxx/tcllib/lib/tcl8.4/package.tcl
/usr/local/tools/synopsys/syn_vD-2010.03-SP3/auxx/gui/syn/layout/pkgIndex.tcl
/usr/local/tools/synopsys/syn_vD-2010.03-SP3/auxx/gui/common/regressionToolkit/pkgIndex.tcl
/usr/local/tools/synopsys/syn_vD-2010.03-SP3/auxx/gui/common/schematic/pkgIndex.tcl
/usr/local/tools/synopsys/syn_vD-2010.03-SP3/auxx/gui/common/setup/pkgIndex.tcl
/usr/local/tools/synopsys/syn_vD-2010.03-SP3/auxx/gui/common/WindowFrameWork/pkgIndex.tcl
/usr/local/tools/synopsys/syn_vD-2010.03-SP3/auxx/gui/common/profiler/pkgIndex.tcl
/usr/local/tools/synopsys/syn_vD-2010.03-SP3/auxx/gui/common/libviewer/pkgIndex.tcl
/usr/local/tools/synopsys/syn_vD-2010.03-SP3/auxx/gui/common/select/pkgIndex.tcl
/usr/local/tools/synopsys/syn_vD-2010.03-SP3/auxx/gui/common/tcl-dp/pkgIndex.tcl
/usr/local/tools/synopsys/syn_vD-2010.03-SP3/auxx/gui/common/docBrowser/pkgIndex.tcl
/usr/local/tools/synopsys/syn_vD-2010.03-SP3/auxx/gui/common/strokes/pkgIndex.tcl
/usr/local/tools/synopsys/syn_vD-2010.03-SP3/auxx/gui/common/highlight/pkgIndex.tcl
/usr/local/tools/synopsys/syn_vD-2010.03-SP3/auxx/gui/common/qtcl/pkgIndex.tcl
/usr/local/tools/synopsys/syn_vD-2010.03-SP3/auxx/gui/common/pathinspector/pkgIndex.tcl
/usr/local/tools/synopsys/syn_vD-2010.03-SP3/auxx/gui/common/menus/pkgIndex.tcl
/usr/local/tools/synopsys/syn_vD-2010.03-SP3/auxx/gui/common/view/pkgIndex.tcl
/usr/local/tools/synopsys/syn_vD-2010.03-SP3/auxx/gui/common/misc/pkgIndex.tcl
/usr/local/tools/synopsys/syn_vD-2010.03-SP3/auxx/gui/common/table/pkgIndex.tcl
/usr/local/tools/synopsys/syn_vD-2010.03-SP3/auxx/gui/common/layout/pkgIndex.tcl
/usr/local/tools/synopsys/syn_vD-2010.03-SP3/auxx/gui/common/opdlg/pkgIndex.tcl
/usr/local/tools/synopsys/syn_vD-2010.03-SP3/auxx/gui/common/histogram/pkgIndex.tcl
/usr/local/tools/synopsys/syn_vD-2010.03-SP3/auxx/gui/common/hierarchy/pkgIndex.tcl
/usr/local/tools/synopsys/syn_vD-2010.03-SP3/auxx/gui/common/fanoutviewer/pkgIndex.tcl
/usr/local/tools/synopsys/syn_vD-2010.03-SP3/auxx/gui/common/dialogs/pkgIndex.tcl
/usr/local/tools/synopsys/syn_vD-2010.03-SP3/auxx/tcllib/snps_tcl/snpsTest/pkgIndex.tcl
/usr/local/tools/synopsys/syn_vD-2010.03-SP3/auxx/tcllib/snps_tcl/snpsUtils/pkgIndex.tcl
/usr/local/tools/synopsys/syn_vD-2010.03-SP3/auxx/tcllib/snps_tcl/snpsTclPro/pkgIndex.tcl
/usr/local/tools/synopsys/syn_vD-2010.03-SP3/auxx/tcllib/lib/tcl8.4/http1.0/pkgIndex.tcl
/usr/local/tools/synopsys/syn_vD-2010.03-SP3/auxx/tcllib/lib/tcl8.4/msgcat/pkgIndex.tcl
/usr/local/tools/synopsys/syn_vD-2010.03-SP3/auxx/tcllib/lib/tcl8.4/opt/pkgIndex.tcl
/usr/local/tools/synopsys/syn_vD-2010.03-SP3/auxx/tcllib/lib/tcl8.4/tcltest/pkgIndex.tcl
/usr/local/tools/synopsys/syn_vD-2010.03-SP3/auxx/tcllib/lib/tcl8.4/dde/pkgIndex.tcl
/usr/local/tools/synopsys/syn_vD-2010.03-SP3/auxx/tcllib/lib/tcl8.4/http/pkgIndex.tcl
/usr/local/tools/synopsys/syn_vD-2010.03-SP3/auxx/tcllib/lib/tcl8.4/reg/pkgIndex.tcl
/usr/local/tools/synopsys/syn_vD-2010.03-SP3/auxx/gui/common/setup/snpsCommonSetup.tcl
/usr/local/tools/synopsys/syn_vD-2010.03-SP3/auxx/gui/common/setup/snpsCustomize.tcl
/usr/local/tools/synopsys/syn_vD-2010.03-SP3/auxx/gui/common/setup/snpsProcheck.tcl
/usr/local/tools/synopsys/syn_vD-2010.03-SP3/auxx/gui/common/qtcl/.synopsys_qtcl.tcl
/usr/local/tools/synopsys/syn_vD-2010.03-SP3/auxx/gui/common/highlight/highlight.tcl
/usr/local/tools/synopsys/syn_vD-2010.03-SP3/auxx/gui/common/misc/base.tcl
/usr/local/tools/synopsys/syn_vD-2010.03-SP3/auxx/gui/common/misc/timing.tcl
/usr/local/tools/synopsys/syn_vD-2010.03-SP3/auxx/gui/common/misc/setting.tcl
/usr/local/tools/synopsys/syn_vD-2010.03-SP3/auxx/gui/common/docBrowser/docBrowser.tcl
/usr/local/tools/synopsys/syn_vD-2010.03-SP3/auxx/tcllib/snps_tcl/snpsUtils/snpsUtils.tcl
/usr/local/tools/synopsys/syn_vD-2010.03-SP3/auxx/gui/common/WindowFrameWork/windowFrameWork.tcl
/usr/local/tools/synopsys/syn_vD-2010.03-SP3/auxx/gui/common/WindowFrameWork/skipBusyCursorCmdList.tcl
/usr/local/tools/synopsys/syn_vD-2010.03-SP3/auxx/gui/common/dialogs/ObjectChooser.tcl
/usr/local/tools/synopsys/syn_vD-2010.03-SP3/auxx/gui/common/misc/DialogObjectChooser.tcl
/usr/local/tools/synopsys/syn_vD-2010.03-SP3/auxx/gui/common/dialogs/HistBinInformation.tcl
/usr/local/tools/synopsys/syn_vD-2010.03-SP3/auxx/gui/common/dialogs/HistBin1Information.tcl
/usr/local/tools/synopsys/syn_vD-2010.03-SP3/auxx/gui/common/dialogs/BinsOnlyInformation.tcl
/usr/local/tools/synopsys/syn_vD-2010.03-SP3/auxx/gui/common/dialogs/FileChooser.tcl
/usr/local/tools/synopsys/syn_vD-2010.03-SP3/auxx/gui/common/dialogs/PathPinSimpleInfo.tcl
/usr/local/tools/synopsys/syn_vD-2010.03-SP3/auxx/gui/common/dialogs/PathsBasicInfo.tcl
/usr/local/tools/synopsys/syn_vD-2010.03-SP3/auxx/gui/common/dialogs/PathsBasicSimpleInfo.tcl
/usr/local/tools/synopsys/syn_vD-2010.03-SP3/auxx/gui/common/dialogs/SlctOperationInfo.tcl
/usr/local/tools/synopsys/syn_vD-2010.03-SP3/auxx/gui/common/dialogs/ObjectListInfo.tcl
/usr/local/tools/synopsys/syn_vD-2010.03-SP3/auxx/gui/common/dialogs/FanInOutInfo.tcl
/usr/local/tools/synopsys/syn_vD-2010.03-SP3/auxx/gui/common/dialogs/NumberOfLevelsChooser.tcl
/usr/local/tools/synopsys/syn_vD-2010.03-SP3/auxx/gui/common/dialogs/WindowReuseInfo.tcl
/usr/local/tools/synopsys/syn_vD-2010.03-SP3/auxx/gui/common/dialogs/ReportOutputOptionInfo.tcl
/usr/local/tools/synopsys/syn_vD-2010.03-SP3/auxx/gui/common/setup/snpsCollections.tcl
/usr/local/tools/synopsys/syn_vD-2010.03-SP3/auxx/gui/common/dialogs/CompileLinkDesign.tcl
/usr/local/tools/synopsys/syn_vD-2010.03-SP3/auxx/gui/common/histogram/DialogEndpointSlack.tcl
/usr/local/tools/synopsys/syn_vD-2010.03-SP3/auxx/gui/common/histogram/DialogPathsSlack.tcl
/usr/local/tools/synopsys/syn_vD-2010.03-SP3/auxx/gui/common/histogram/DialogNetCapacitance.tcl
/usr/local/tools/synopsys/syn_vD-2010.03-SP3/auxx/gui/common/schematic/DialogPathSchematicFanInOut.tcl
/usr/local/tools/synopsys/syn_vD-2010.03-SP3/auxx/gui/common/schematic/DialogPathSchematicAddPaths.tcl
/export/home/stud/s228146/Desktop/WORK_SYNTHESIS/tech/STcmos65/synopsys_dc.setup
/export/home/stud/s228146/Desktop/WORK_SYNTHESIS/tech/STcmos65/synopsys_dc.setup
/export/home/stud/s228146/Desktop/WORK_SYNTHESIS/rtl/aes_cipher_top/verilog/timescale.v
/export/home/stud/s228146/Desktop/WORK_SYNTHESIS/rtl/aes_cipher_top/verilog/aes_cipher_top.v
/export/home/stud/s228146/Desktop/WORK_SYNTHESIS/tech/STcmos65/CORE65LPSVT_bc_1.35V_105C.db
/export/home/stud/s228146/Desktop/WORK_SYNTHESIS/tech/STcmos65/CORE65LPSVT_wc_0.90V_125C.db
/export/home/stud/s228146/Desktop/WORK_SYNTHESIS/tech/STcmos65/CORE65LPSVT_nom_1.00V_25C.db
/export/home/stud/s228146/Desktop/WORK_SYNTHESIS/tech/STcmos65/CORE65LPLVT_nom_1.00V_25C.db
/export/home/stud/s228146/Desktop/WORK_SYNTHESIS/tech/STcmos65/CORE65LPHVT_nom_1.00V_25C.db
/export/home/stud/s228146/Desktop/WORK_SYNTHESIS/rtl/aes_cipher_top/verilog/timescale.v
/export/home/stud/s228146/Desktop/WORK_SYNTHESIS/rtl/aes_cipher_top/verilog/aes_inv_cipher_top.v
/export/home/stud/s228146/Desktop/WORK_SYNTHESIS/rtl/aes_cipher_top/verilog/timescale.v
/export/home/stud/s228146/Desktop/WORK_SYNTHESIS/rtl/aes_cipher_top/verilog/aes_inv_sbox.v
/export/home/stud/s228146/Desktop/WORK_SYNTHESIS/rtl/aes_cipher_top/verilog/timescale.v
/export/home/stud/s228146/Desktop/WORK_SYNTHESIS/rtl/aes_cipher_top/verilog/aes_key_expand_128.v
/export/home/stud/s228146/Desktop/WORK_SYNTHESIS/rtl/aes_cipher_top/verilog/timescale.v
/export/home/stud/s228146/Desktop/WORK_SYNTHESIS/rtl/aes_cipher_top/verilog/aes_rcon.v
/export/home/stud/s228146/Desktop/WORK_SYNTHESIS/rtl/aes_cipher_top/verilog/timescale.v
/export/home/stud/s228146/Desktop/WORK_SYNTHESIS/rtl/aes_cipher_top/verilog/aes_sbox.v
/export/home/stud/s228146/Desktop/WORK_SYNTHESIS/rtl/aes_cipher_top/verilog/timescale.v
/usr/local/tools/synopsys/syn_vD-2010.03-SP3/libraries/syn/gtech.db
/usr/local/tools/synopsys/syn_vD-2010.03-SP3/libraries/syn/standard.sldb
/export/home/stud/s228146/Desktop/WORK_SYNTHESIS/rtl/aes_cipher_top/sdc/aes_cipher_top.sdc
/export/home/stud/s228146/Desktop/WORK_SYNTHESIS/tech/STcmos65/CORE65LPSVT_bc_1.35V_105C.db
/export/home/stud/s228146/Desktop/WORK_SYNTHESIS/tech/STcmos65/CORE65LPSVT_wc_0.90V_125C.db
/export/home/stud/s228146/Desktop/WORK_SYNTHESIS/tech/STcmos65/CORE65LPSVT_nom_1.00V_25C.db
/export/home/stud/s228146/Desktop/WORK_SYNTHESIS/tech/STcmos65/CORE65LPLVT_nom_1.00V_25C.db
/export/home/stud/s228146/Desktop/WORK_SYNTHESIS/tech/STcmos65/CORE65LPHVT_nom_1.00V_25C.db
/export/home/stud/s228146/Desktop/WORK_SYNTHESIS/tech/STcmos65/CORE65LPSVT_nom_1.00V_25C.db
./alib-52/CORE65LPSVT_nom_1.00V_25C.db.alib
./alib-52/alib_analyze_libs.tcl.e
/usr/local/tools/synopsys/syn_vD-2010.03-SP3/libraries/syn/dw_foundation.sldb
/export/home/stud/s228146/Desktop/WORK_SYNTHESIS/tech/STcmos65/CORE65LPSVT_nom_1.00V_25C.db
./alib-52/CORE65LPSVT_nom_1.00V_25C.db.alib
/export/home/stud/s228146/Desktop/WORK_SYNTHESIS/tech/STcmos65/CORE65LPSVT_bc_1.35V_105C.db
/export/home/stud/s228146/Desktop/WORK_SYNTHESIS/tech/STcmos65/CORE65LPSVT_wc_0.90V_125C.db
/export/home/stud/s228146/Desktop/WORK_SYNTHESIS/tech/STcmos65/CORE65LPSVT_nom_1.00V_25C.db
/export/home/stud/s228146/Desktop/WORK_SYNTHESIS/tech/STcmos65/CORE65LPLVT_nom_1.00V_25C.db
/export/home/stud/s228146/Desktop/WORK_SYNTHESIS/tech/STcmos65/CORE65LPHVT_nom_1.00V_25C.db
/export/home/stud/s228146/Desktop/WORK_SYNTHESIS/tech/STcmos65/CORE65LPSVT_nom_1.00V_25C.db
./alib-52/CORE65LPSVT_nom_1.00V_25C.db.alib
/export/home/stud/s228146/Desktop/WORK_SYNTHESIS/tech/STcmos65/CORE65LPSVT_nom_1.00V_25C.db
/export/home/stud/s228146/Desktop/WORK_SYNTHESIS/tech/STcmos65/CORE65LPSVT_bc_1.35V_105C.db
/export/home/stud/s228146/Desktop/WORK_SYNTHESIS/tech/STcmos65/CORE65LPSVT_wc_0.90V_125C.db
/export/home/stud/s228146/Desktop/WORK_SYNTHESIS/tech/STcmos65/CORE65LPSVT_nom_1.00V_25C.db
/export/home/stud/s228146/Desktop/WORK_SYNTHESIS/tech/STcmos65/CORE65LPLVT_nom_1.00V_25C.db
/export/home/stud/s228146/Desktop/WORK_SYNTHESIS/tech/STcmos65/CORE65LPHVT_nom_1.00V_25C.db
/export/home/stud/s228146/Desktop/WORK_SYNTHESIS/tech/STcmos65/CORE65LPSVT_nom_1.00V_25C.db
/export/home/stud/s228146/Desktop/WORK_SYNTHESIS/scripts/synthesis.tcl
/export/home/stud/s228146/Desktop/WORK_SYNTHESIS/tech/STcmos65/synopsys_dc.setup
/export/home/stud/s228146/Desktop/WORK_SYNTHESIS/rtl/aes_cipher_top/verilog/timescale.v
/export/home/stud/s228146/Desktop/WORK_SYNTHESIS/rtl/aes_cipher_top/verilog/aes_cipher_top.v
/export/home/stud/s228146/Desktop/WORK_SYNTHESIS/rtl/aes_cipher_top/verilog/timescale.v
/export/home/stud/s228146/Desktop/WORK_SYNTHESIS/rtl/aes_cipher_top/verilog/aes_inv_cipher_top.v
/export/home/stud/s228146/Desktop/WORK_SYNTHESIS/rtl/aes_cipher_top/verilog/timescale.v
/export/home/stud/s228146/Desktop/WORK_SYNTHESIS/rtl/aes_cipher_top/verilog/aes_inv_sbox.v
/export/home/stud/s228146/Desktop/WORK_SYNTHESIS/rtl/aes_cipher_top/verilog/timescale.v
/export/home/stud/s228146/Desktop/WORK_SYNTHESIS/rtl/aes_cipher_top/verilog/aes_key_expand_128.v
/export/home/stud/s228146/Desktop/WORK_SYNTHESIS/rtl/aes_cipher_top/verilog/timescale.v
/export/home/stud/s228146/Desktop/WORK_SYNTHESIS/rtl/aes_cipher_top/verilog/aes_rcon.v
/export/home/stud/s228146/Desktop/WORK_SYNTHESIS/rtl/aes_cipher_top/verilog/timescale.v
/export/home/stud/s228146/Desktop/WORK_SYNTHESIS/rtl/aes_cipher_top/verilog/aes_sbox.v
/export/home/stud/s228146/Desktop/WORK_SYNTHESIS/rtl/aes_cipher_top/verilog/timescale.v
/export/home/stud/s228146/Desktop/WORK_SYNTHESIS/rtl/aes_cipher_top/sdc/aes_cipher_top.sdc
/export/home/stud/s228146/synopsys_cache_D-2010.03-SP3/DW01/DW01_dec/rpl/4/generic_5019/element.ddc
/export/home/stud/s228146/synopsys_cache_D-2010.03-SP3/DW01/DW01_inc/rpl/4/generic_5019/element.ddc
/export/home/stud/s228146/Desktop/WORK_SYNTHESIS/tech/STcmos65/CORE65LPSVT_nom_1.00V_25C.db
./alib-52/CORE65LPSVT_nom_1.00V_25C.db.alib
/export/home/stud/s228146/Desktop/WORK_SYNTHESIS/tech/STcmos65/CORE65LPSVT_nom_1.00V_25C.db
./alib-52/CORE65LPSVT_nom_1.00V_25C.db.alib
/export/home/stud/s228146/Desktop/WORK_SYNTHESIS/tech/STcmos65/CORE65LPSVT_bc_1.35V_105C.db
/export/home/stud/s228146/Desktop/WORK_SYNTHESIS/tech/STcmos65/CORE65LPSVT_wc_0.90V_125C.db
/export/home/stud/s228146/Desktop/WORK_SYNTHESIS/tech/STcmos65/CORE65LPSVT_nom_1.00V_25C.db
/export/home/stud/s228146/Desktop/WORK_SYNTHESIS/tech/STcmos65/CORE65LPLVT_nom_1.00V_25C.db
/export/home/stud/s228146/Desktop/WORK_SYNTHESIS/tech/STcmos65/CORE65LPHVT_nom_1.00V_25C.db
/export/home/stud/s228146/Desktop/WORK_SYNTHESIS/tech/STcmos65/CORE65LPSVT_nom_1.00V_25C.db
./alib-52/CORE65LPSVT_nom_1.00V_25C.db.alib
/export/home/stud/s228146/Desktop/WORK_SYNTHESIS/tech/STcmos65/CORE65LPSVT_nom_1.00V_25C.db
/export/home/stud/s228146/Desktop/WORK_SYNTHESIS/tech/STcmos65/CORE65LPSVT_bc_1.35V_105C.db
/export/home/stud/s228146/Desktop/WORK_SYNTHESIS/tech/STcmos65/CORE65LPSVT_wc_0.90V_125C.db
/export/home/stud/s228146/Desktop/WORK_SYNTHESIS/tech/STcmos65/CORE65LPSVT_nom_1.00V_25C.db
/export/home/stud/s228146/Desktop/WORK_SYNTHESIS/tech/STcmos65/CORE65LPLVT_nom_1.00V_25C.db
/export/home/stud/s228146/Desktop/WORK_SYNTHESIS/tech/STcmos65/CORE65LPHVT_nom_1.00V_25C.db
/export/home/stud/s228146/Desktop/WORK_SYNTHESIS/tech/STcmos65/CORE65LPSVT_nom_1.00V_25C.db
./alib-52/CORE65LPSVT_nom_1.00V_25C.db.alib
/export/home/stud/s228146/Desktop/WORK_SYNTHESIS/tech/STcmos65/CORE65LPSVT_nom_1.00V_25C.db
/export/home/stud/s228146/Desktop/WORK_SYNTHESIS/tech/STcmos65/CORE65LPSVT_bc_1.35V_105C.db
/export/home/stud/s228146/Desktop/WORK_SYNTHESIS/tech/STcmos65/CORE65LPSVT_wc_0.90V_125C.db
/export/home/stud/s228146/Desktop/WORK_SYNTHESIS/tech/STcmos65/CORE65LPSVT_nom_1.00V_25C.db
/export/home/stud/s228146/Desktop/WORK_SYNTHESIS/tech/STcmos65/CORE65LPLVT_nom_1.00V_25C.db
/export/home/stud/s228146/Desktop/WORK_SYNTHESIS/tech/STcmos65/CORE65LPHVT_nom_1.00V_25C.db
